ADD Job:1 hosts:0,1,2,3,4,5,6,7,8,9,10,11,12,13,14,15,16,17,18,19,20,21,22,23,24,25,26,27,28,29, links:60 A=10 B=0 C=0 D=0 R=3 S=0 Q=1 LEAFS 0:10 1:10 2:10 L1PORTS 0:0 0:1 0:2 0:3 0:4 0:5 0:6 0:7 0:8 0:9 1:0 1:1 1:2 1:3 1:4 1:5 1:6 1:7 1:8 1:9 2:0 2:1 2:2 2:3 2:4 2:5 2:6 2:7 2:8 2:9
ADD Job:2 hosts:30,31,32,33,34,35,36,37,38,39, links:10 A=10 B=0 C=0 D=0 R=1 S=0 Q=1 LEAFS 3:10
ADD Job:3 hosts:40,41,42,43,44,45,46,47,48,49,50,51,52,53,54,55,56,57,58,59,60,61,62,63,64,65,66,67,68,69, links:60 A=10 B=0 C=0 D=0 R=3 S=0 Q=1 LEAFS 4:10 5:10 6:10 L1PORTS 4:0 4:1 4:2 4:3 4:4 4:5 4:6 4:7 4:8 4:9 5:0 5:1 5:2 5:3 5:4 5:5 5:6 5:7 5:8 5:9 6:0 6:1 6:2 6:3 6:4 6:5 6:6 6:7 6:8 6:9
ADD Job:4 hosts:100,101,102,103,104,105,106,107,108,109,110,111,112,113,114,115,116,117,118,119,120,121,122,123,124,125,126,127,128,129,130,131,132,133,134,135,136,137,138,139,140,141,142,143,144,145,146,147,148,149, links:100 A=10 B=0 C=0 D=0 R=5 S=0 Q=1 LEAFS 10:10 11:10 12:10 13:10 14:10 L1PORTS 10:0 10:1 10:2 10:3 10:4 10:5 10:6 10:7 10:8 10:9 11:0 11:1 11:2 11:3 11:4 11:5 11:6 11:7 11:8 11:9 12:0 12:1 12:2 12:3 12:4 12:5 12:6 12:7 12:8 12:9 13:0 13:1 13:2 13:3 13:4 13:5 13:6 13:7 13:8 13:9 14:0 14:1 14:2 14:3 14:4 14:5 14:6 14:7 14:8 14:9
ADD Job:5 hosts:150,151,152,153,154,155,156,157,158,159,160,161,162,163,164,165,166,167,168,169,170,171,172,173,174,175,176,177,178,179,180,181,182,183,184,185,186,187,188,189,190,191,192,193,194,195,196,197,198,199, links:100 A=10 B=0 C=0 D=0 R=5 S=0 Q=1 LEAFS 15:10 16:10 17:10 18:10 19:10 L1PORTS 15:0 15:1 15:2 15:3 15:4 15:5 15:6 15:7 15:8 15:9 16:0 16:1 16:2 16:3 16:4 16:5 16:6 16:7 16:8 16:9 17:0 17:1 17:2 17:3 17:4 17:5 17:6 17:7 17:8 17:9 18:0 18:1 18:2 18:3 18:4 18:5 18:6 18:7 18:8 18:9 19:0 19:1 19:2 19:3 19:4 19:5 19:6 19:7 19:8 19:9
ADD Job:6 hosts:200,201,202,203,204,205,206,207,208,209,210,211,212,213,214,215,216,217,218,219,220,221,222,223,224,225,226,227,228,229,230,231,232,233,234,235,236,237,238,239,240,241,242,243,244,245,246,247,248,249,250,251,252,253,254,255,256,257,258,259, links:120 A=10 B=0 C=0 D=0 R=6 S=0 Q=1 LEAFS 20:10 21:10 22:10 23:10 24:10 25:10 L1PORTS 20:0 20:1 20:2 20:3 20:4 20:5 20:6 20:7 20:8 20:9 21:0 21:1 21:2 21:3 21:4 21:5 21:6 21:7 21:8 21:9 22:0 22:1 22:2 22:3 22:4 22:5 22:6 22:7 22:8 22:9 23:0 23:1 23:2 23:3 23:4 23:5 23:6 23:7 23:8 23:9 24:0 24:1 24:2 24:3 24:4 24:5 24:6 24:7 24:8 24:9 25:0 25:1 25:2 25:3 25:4 25:5 25:6 25:7 25:8 25:9
ADD Job:7 hosts:70,71,72,73,74,75,76,77,78,79,80,81,82,83,84,85,86,87,88,89,90,91,92,93,94,95,96,97,98,99, links:60 A=10 B=0 C=0 D=0 R=3 S=0 Q=1 LEAFS 7:10 8:10 9:10 L1PORTS 7:0 7:1 7:2 7:3 7:4 7:5 7:6 7:7 7:8 7:9 8:0 8:1 8:2 8:3 8:4 8:5 8:6 8:7 8:8 8:9 9:0 9:1 9:2 9:3 9:4 9:5 9:6 9:7 9:8 9:9
ADD Job:8 hosts:300,301,302,303,304,305,306,307,308,309,310,311,312,313,314,315,316,317,318,319,320,321,322,323,324,325,326,327,328,329,330,331,332,333,334,335,336,337,338,339,340,341,342,343,344,345,346,347,348,349, links:100 A=10 B=0 C=0 D=0 R=5 S=0 Q=1 LEAFS 30:10 31:10 32:10 33:10 34:10 L1PORTS 30:0 30:1 30:2 30:3 30:4 30:5 30:6 30:7 30:8 30:9 31:0 31:1 31:2 31:3 31:4 31:5 31:6 31:7 31:8 31:9 32:0 32:1 32:2 32:3 32:4 32:5 32:6 32:7 32:8 32:9 33:0 33:1 33:2 33:3 33:4 33:5 33:6 33:7 33:8 33:9 34:0 34:1 34:2 34:3 34:4 34:5 34:6 34:7 34:8 34:9
ADD Job:9 hosts:260,261,262,263,264,265,266,267,268,269,270,271,272,273,274,275,276,277,278,279,280,281,282,283,284,285,286,287,288,289,290,291,292,293,294,295,296,297,298,299, links:80 A=10 B=0 C=0 D=0 R=4 S=0 Q=1 LEAFS 26:10 27:10 28:10 29:10 L1PORTS 26:0 26:1 26:2 26:3 26:4 26:5 26:6 26:7 26:8 26:9 27:0 27:1 27:2 27:3 27:4 27:5 27:6 27:7 27:8 27:9 28:0 28:1 28:2 28:3 28:4 28:5 28:6 28:7 28:8 28:9 29:0 29:1 29:2 29:3 29:4 29:5 29:6 29:7 29:8 29:9
ADD Job:10 hosts:350,351,352,353,354,355,356,357,358,359,360,361,362,363,364,365,366,367,368,369,370,371,372,373,374,375,376,377,378,379, links:60 A=10 B=0 C=0 D=0 R=3 S=0 Q=1 LEAFS 35:10 36:10 37:10 L1PORTS 35:0 35:1 35:2 35:3 35:4 35:5 35:6 35:7 35:8 35:9 36:0 36:1 36:2 36:3 36:4 36:5 36:6 36:7 36:8 36:9 37:0 37:1 37:2 37:3 37:4 37:5 37:6 37:7 37:8 37:9
ADD Job:11 hosts:400,401,402,403,404,405,406,407,408,409,410,411,412,413,414,415,416,417,418,419,420,421,422,423,424,425,426,427,428,429,430,431,432,433,434,435,436,437,438,439,440,441,442,443,444,445,446,447,448,449, links:100 A=10 B=0 C=0 D=0 R=5 S=0 Q=1 LEAFS 40:10 41:10 42:10 43:10 44:10 L1PORTS 40:0 40:1 40:2 40:3 40:4 40:5 40:6 40:7 40:8 40:9 41:0 41:1 41:2 41:3 41:4 41:5 41:6 41:7 41:8 41:9 42:0 42:1 42:2 42:3 42:4 42:5 42:6 42:7 42:8 42:9 43:0 43:1 43:2 43:3 43:4 43:5 43:6 43:7 43:8 43:9 44:0 44:1 44:2 44:3 44:4 44:5 44:6 44:7 44:8 44:9
ADD Job:12 hosts:450,451,452,453,454,455,456,457,458,459,460,461,462,463,464,465,466,467,468,469,470,471,472,473,474,475,476,477,478,479,480,481,482,483,484,485,486,487,488,489,490,491,492,493,494,495,496,497,498,499, links:100 A=10 B=0 C=0 D=0 R=5 S=0 Q=1 LEAFS 45:10 46:10 47:10 48:10 49:10 L1PORTS 45:0 45:1 45:2 45:3 45:4 45:5 45:6 45:7 45:8 45:9 46:0 46:1 46:2 46:3 46:4 46:5 46:6 46:7 46:8 46:9 47:0 47:1 47:2 47:3 47:4 47:5 47:6 47:7 47:8 47:9 48:0 48:1 48:2 48:3 48:4 48:5 48:6 48:7 48:8 48:9 49:0 49:1 49:2 49:3 49:4 49:5 49:6 49:7 49:8 49:9
ADD Job:13 hosts:500,501,502,503,504,505,506,507,508,509,510,511,512,513,514,515,516,517,518,519,520,521,522,523,524,525,526,527,528,529,530,531,532,533,534,535,536,537,538,539, links:80 A=10 B=0 C=0 D=0 R=4 S=0 Q=1 LEAFS 50:10 51:10 52:10 53:10 L1PORTS 50:0 50:1 50:2 50:3 50:4 50:5 50:6 50:7 50:8 50:9 51:0 51:1 51:2 51:3 51:4 51:5 51:6 51:7 51:8 51:9 52:0 52:1 52:2 52:3 52:4 52:5 52:6 52:7 52:8 52:9 53:0 53:1 53:2 53:3 53:4 53:5 53:6 53:7 53:8 53:9
ADD Job:14 hosts:540,541,542,543,544,545,546,547,548,549,550,551,552,553,554,555,556,557,558,559,560,561,562,563,564,565,566,567,568,569,570,571,572,573,574,575,576,577,578,579,580,581,582,583,584,585,586,587,588,589, links:100 A=10 B=0 C=0 D=0 R=5 S=0 Q=1 LEAFS 54:10 55:10 56:10 57:10 58:10 L1PORTS 54:0 54:1 54:2 54:3 54:4 54:5 54:6 54:7 54:8 54:9 55:0 55:1 55:2 55:3 55:4 55:5 55:6 55:7 55:8 55:9 56:0 56:1 56:2 56:3 56:4 56:5 56:6 56:7 56:8 56:9 57:0 57:1 57:2 57:3 57:4 57:5 57:6 57:7 57:8 57:9 58:0 58:1 58:2 58:3 58:4 58:5 58:6 58:7 58:8 58:9
ADD Job:15 hosts:600,601,602,603,604,605,606,607,608,609,610,611,612,613,614,615,616,617,618,619,620,621,622,623,624,625,626,627,628,629,630,631,632,633,634,635,636,637,638,639,640,641,642,643,644,645,646,647,648,649, links:100 A=10 B=0 C=0 D=0 R=5 S=0 Q=1 LEAFS 60:10 61:10 62:10 63:10 64:10 L1PORTS 60:0 60:1 60:2 60:3 60:4 60:5 60:6 60:7 60:8 60:9 61:0 61:1 61:2 61:3 61:4 61:5 61:6 61:7 61:8 61:9 62:0 62:1 62:2 62:3 62:4 62:5 62:6 62:7 62:8 62:9 63:0 63:1 63:2 63:3 63:4 63:5 63:6 63:7 63:8 63:9 64:0 64:1 64:2 64:3 64:4 64:5 64:6 64:7 64:8 64:9
ADD Job:16 hosts:590,591,592,593,594,595,596,597,598,599, links:10 A=10 B=0 C=0 D=0 R=1 S=0 Q=1 LEAFS 59:10
ADD Job:17 hosts:650,651,652,653,654,655,656,657,658,659,660,661,662,663,664,665,666,667,668,669,670,671,672,673,674,675,676,677,678,679, links:60 A=10 B=0 C=0 D=0 R=3 S=0 Q=1 LEAFS 65:10 66:10 67:10 L1PORTS 65:0 65:1 65:2 65:3 65:4 65:5 65:6 65:7 65:8 65:9 66:0 66:1 66:2 66:3 66:4 66:5 66:6 66:7 66:8 66:9 67:0 67:1 67:2 67:3 67:4 67:5 67:6 67:7 67:8 67:9
ADD Job:18 hosts:380,381,382,383,384,385,386,387,388,389,390,391,392,393,394,395,396,397,398,399, links:40 A=10 B=0 C=0 D=0 R=2 S=0 Q=1 LEAFS 38:10 39:10 L1PORTS 38:0 38:1 38:2 38:3 38:4 38:5 38:6 38:7 38:8 38:9 39:0 39:1 39:2 39:3 39:4 39:5 39:6 39:7 39:8 39:9
ADD Job:19 hosts:700,701,702,703,704,705,706,707,708,709,710,711,712,713,714,715,716,717,718,719,720,721,722,723,724,725,726,727,728,729,730,731,732,733,734,735,736,737,738,739,740,741,742,743,744,745,746,747,748,749,750,751,752,753,754,755,756,757,758,759, links:120 A=10 B=0 C=0 D=0 R=6 S=0 Q=1 LEAFS 70:10 71:10 72:10 73:10 74:10 75:10 L1PORTS 70:0 70:1 70:2 70:3 70:4 70:5 70:6 70:7 70:8 70:9 71:0 71:1 71:2 71:3 71:4 71:5 71:6 71:7 71:8 71:9 72:0 72:1 72:2 72:3 72:4 72:5 72:6 72:7 72:8 72:9 73:0 73:1 73:2 73:3 73:4 73:5 73:6 73:7 73:8 73:9 74:0 74:1 74:2 74:3 74:4 74:5 74:6 74:7 74:8 74:9 75:0 75:1 75:2 75:3 75:4 75:5 75:6 75:7 75:8 75:9
ADD Job:20 hosts:760,761,762,763,764,765,766,767,768,769,770,771,772,773,774,775,776,777,778,779,780,781,782,783,784,785,786,787,788,789, links:60 A=10 B=0 C=0 D=0 R=3 S=0 Q=1 LEAFS 76:10 77:10 78:10 L1PORTS 76:0 76:1 76:2 76:3 76:4 76:5 76:6 76:7 76:8 76:9 77:0 77:1 77:2 77:3 77:4 77:5 77:6 77:7 77:8 77:9 78:0 78:1 78:2 78:3 78:4 78:5 78:6 78:7 78:8 78:9
REM Job:3 hosts:28 A=10 B=0 C=0 D=0 R=3 S=0 Q=1 LEAFS 4:10 5:10 6:10
ADD Job:21 hosts:680,681,682,683,684,685,686,687,688,689,690,691,692,693,694,695,696,697,698,699, links:40 A=10 B=0 C=0 D=0 R=2 S=0 Q=1 LEAFS 68:10 69:10 L1PORTS 68:0 68:1 68:2 68:3 68:4 68:5 68:6 68:7 68:8 68:9 69:0 69:1 69:2 69:3 69:4 69:5 69:6 69:7 69:8 69:9
ADD Job:22 hosts:800,801,802,803,804,805,806,807,808,809,810,811,812,813,814,815,816,817,818,819,820,821,822,823,824,825,826,827,828,829,830,831,832,833,834,835,836,837,838,839,840,841,842,843,844,845,846,847,848,849,850,851,852,853,854,855,856,857,858,859, links:120 A=10 B=0 C=0 D=0 R=6 S=0 Q=1 LEAFS 80:10 81:10 82:10 83:10 84:10 85:10 L1PORTS 80:0 80:1 80:2 80:3 80:4 80:5 80:6 80:7 80:8 80:9 81:0 81:1 81:2 81:3 81:4 81:5 81:6 81:7 81:8 81:9 82:0 82:1 82:2 82:3 82:4 82:5 82:6 82:7 82:8 82:9 83:0 83:1 83:2 83:3 83:4 83:5 83:6 83:7 83:8 83:9 84:0 84:1 84:2 84:3 84:4 84:5 84:6 84:7 84:8 84:9 85:0 85:1 85:2 85:3 85:4 85:5 85:6 85:7 85:8 85:9
ADD Job:23 hosts:900,901,902,903,904,905,906,907,908,909,910,911,912,913,914,915,916,917,918,919,920,921,922,923,924,925,926,927,928,929,930,931,932,933,934,935,936,937,938,939,940,941,942,943,944,945,946,947,948,949,950,951,952,953,954,955,956,957,958,959, links:120 A=10 B=0 C=0 D=0 R=6 S=0 Q=1 LEAFS 90:10 91:10 92:10 93:10 94:10 95:10 L1PORTS 90:0 90:1 90:2 90:3 90:4 90:5 90:6 90:7 90:8 90:9 91:0 91:1 91:2 91:3 91:4 91:5 91:6 91:7 91:8 91:9 92:0 92:1 92:2 92:3 92:4 92:5 92:6 92:7 92:8 92:9 93:0 93:1 93:2 93:3 93:4 93:5 93:6 93:7 93:8 93:9 94:0 94:1 94:2 94:3 94:4 94:5 94:6 94:7 94:8 94:9 95:0 95:1 95:2 95:3 95:4 95:5 95:6 95:7 95:8 95:9
ADD Job:24 hosts:40,41,42,43,44,45,46,47,48,49,50,51,52,53,54,55,56,57,58,59,60,61,62,63,64,65,66,67,68,69, links:60 A=10 B=0 C=0 D=0 R=3 S=0 Q=1 LEAFS 4:10 5:10 6:10 L1PORTS 4:0 4:1 4:2 4:3 4:4 4:5 4:6 4:7 4:8 4:9 5:0 5:1 5:2 5:3 5:4 5:5 5:6 5:7 5:8 5:9 6:0 6:1 6:2 6:3 6:4 6:5 6:6 6:7 6:8 6:9
ADD Job:25 hosts:1000,1001,1002,1003,1004,1005,1006,1007,1008,1009,1010,1011,1012,1013,1014,1015,1016,1017,1018,1019,1020,1021,1022,1023,1024,1025,1026,1027,1028,1029,1030,1031,1032,1033,1034,1035,1036,1037,1038,1039,1040,1041,1042,1043,1044,1045,1046,1047,1048,1049, links:100 A=10 B=0 C=0 D=0 R=5 S=0 Q=1 LEAFS 100:10 101:10 102:10 103:10 104:10 L1PORTS 100:0 100:1 100:2 100:3 100:4 100:5 100:6 100:7 100:8 100:9 101:0 101:1 101:2 101:3 101:4 101:5 101:6 101:7 101:8 101:9 102:0 102:1 102:2 102:3 102:4 102:5 102:6 102:7 102:8 102:9 103:0 103:1 103:2 103:3 103:4 103:5 103:6 103:7 103:8 103:9 104:0 104:1 104:2 104:3 104:4 104:5 104:6 104:7 104:8 104:9
ADD Job:26 hosts:1100,1101,1102,1103,1104,1105,1106,1107,1108,1109,1110,1111,1112,1113,1114,1115,1116,1117,1118,1119,1120,1121,1122,1123,1124,1125,1126,1127,1128,1129,1130,1131,1132,1133,1134,1135,1136,1137,1138,1139,1140,1141,1142,1143,1144,1145,1146,1147,1148,1149,1150,1151,1152,1153,1154,1155,1156,1157,1158,1159, links:120 A=10 B=0 C=0 D=0 R=6 S=0 Q=1 LEAFS 110:10 111:10 112:10 113:10 114:10 115:10 L1PORTS 110:0 110:1 110:2 110:3 110:4 110:5 110:6 110:7 110:8 110:9 111:0 111:1 111:2 111:3 111:4 111:5 111:6 111:7 111:8 111:9 112:0 112:1 112:2 112:3 112:4 112:5 112:6 112:7 112:8 112:9 113:0 113:1 113:2 113:3 113:4 113:5 113:6 113:7 113:8 113:9 114:0 114:1 114:2 114:3 114:4 114:5 114:6 114:7 114:8 114:9 115:0 115:1 115:2 115:3 115:4 115:5 115:6 115:7 115:8 115:9
ADD Job:27 hosts:860,861,862,863,864,865,866,867,868,869,870,871,872,873,874,875,876,877,878,879,880,881,882,883,884,885,886,887,888,889, links:60 A=10 B=0 C=0 D=0 R=3 S=0 Q=1 LEAFS 86:10 87:10 88:10 L1PORTS 86:0 86:1 86:2 86:3 86:4 86:5 86:6 86:7 86:8 86:9 87:0 87:1 87:2 87:3 87:4 87:5 87:6 87:7 87:8 87:9 88:0 88:1 88:2 88:3 88:4 88:5 88:6 88:7 88:8 88:9
REM Job:13 hosts:34 A=10 B=0 C=0 D=0 R=4 S=0 Q=1 LEAFS 50:10 51:10 52:10 53:10
REM Job:26 hosts:53 A=10 B=0 C=0 D=0 R=6 S=0 Q=1 LEAFS 110:10 111:10 112:10 113:10 114:10 115:10
ADD Job:28 hosts:500,501,502,503,504,505,506,507,508,509,510,511,512,513,514,515,516,517,518,519,520,521,522,523,524,525,526,527,528,529, links:60 A=10 B=0 C=0 D=0 R=3 S=0 Q=1 LEAFS 50:10 51:10 52:10 L1PORTS 50:0 50:1 50:2 50:3 50:4 50:5 50:6 50:7 50:8 50:9 51:0 51:1 51:2 51:3 51:4 51:5 51:6 51:7 51:8 51:9 52:0 52:1 52:2 52:3 52:4 52:5 52:6 52:7 52:8 52:9
ADD Job:29 hosts:1050,1051,1052,1053,1054,1055,1056,1057,1058,1059,1060,1061,1062,1063,1064,1065,1066,1067,1068,1069,1070,1071,1072,1073,1074,1075,1076,1077,1078,1079,1080,1081,1082,1083,1084,1085,1086,1087,1088,1089,1090,1091,1092,1093,1094,1095,1096,1097,1098,1099, links:100 A=10 B=0 C=0 D=0 R=5 S=0 Q=1 LEAFS 105:10 106:10 107:10 108:10 109:10 L1PORTS 105:0 105:1 105:2 105:3 105:4 105:5 105:6 105:7 105:8 105:9 106:0 106:1 106:2 106:3 106:4 106:5 106:6 106:7 106:8 106:9 107:0 107:1 107:2 107:3 107:4 107:5 107:6 107:7 107:8 107:9 108:0 108:1 108:2 108:3 108:4 108:5 108:6 108:7 108:8 108:9 109:0 109:1 109:2 109:3 109:4 109:5 109:6 109:7 109:8 109:9
REM Job:11 hosts:43 A=10 B=0 C=0 D=0 R=5 S=0 Q=1 LEAFS 40:10 41:10 42:10 43:10 44:10
ADD Job:30 hosts:1100,1101,1102,1103,1104,1105,1106,1107,1108,1109,1110,1111,1112,1113,1114,1115,1116,1117,1118,1119,1120,1121,1122,1123,1124,1125,1126,1127,1128,1129,1130,1131,1132,1133,1134,1135,1136,1137,1138,1139,1140,1141,1142,1143,1144,1145,1146,1147,1148,1149,1150,1151,1152,1153,1154,1155,1156,1157,1158,1159, links:120 A=10 B=0 C=0 D=0 R=6 S=0 Q=1 LEAFS 110:10 111:10 112:10 113:10 114:10 115:10 L1PORTS 110:0 110:1 110:2 110:3 110:4 110:5 110:6 110:7 110:8 110:9 111:0 111:1 111:2 111:3 111:4 111:5 111:6 111:7 111:8 111:9 112:0 112:1 112:2 112:3 112:4 112:5 112:6 112:7 112:8 112:9 113:0 113:1 113:2 113:3 113:4 113:5 113:6 113:7 113:8 113:9 114:0 114:1 114:2 114:3 114:4 114:5 114:6 114:7 114:8 114:9 115:0 115:1 115:2 115:3 115:4 115:5 115:6 115:7 115:8 115:9
ADD Job:31 hosts:1200,1201,1202,1203,1204,1205,1206,1207,1208,1209,1210,1211,1212,1213,1214,1215,1216,1217,1218,1219,1220,1221,1222,1223,1224,1225,1226,1227,1228,1229,1230,1231,1232,1233,1234,1235,1236,1237,1238,1239,1240,1241,1242,1243,1244,1245,1246,1247,1248,1249,1250,1251,1252,1253,1254,1255,1256,1257,1258,1259, links:120 A=10 B=0 C=0 D=0 R=6 S=0 Q=1 LEAFS 120:10 121:10 122:10 123:10 124:10 125:10 L1PORTS 120:0 120:1 120:2 120:3 120:4 120:5 120:6 120:7 120:8 120:9 121:0 121:1 121:2 121:3 121:4 121:5 121:6 121:7 121:8 121:9 122:0 122:1 122:2 122:3 122:4 122:5 122:6 122:7 122:8 122:9 123:0 123:1 123:2 123:3 123:4 123:5 123:6 123:7 123:8 123:9 124:0 124:1 124:2 124:3 124:4 124:5 124:6 124:7 124:8 124:9 125:0 125:1 125:2 125:3 125:4 125:5 125:6 125:7 125:8 125:9
REM Job:22 hosts:52 A=10 B=0 C=0 D=0 R=6 S=0 Q=1 LEAFS 80:10 81:10 82:10 83:10 84:10 85:10
ADD Job:32 hosts:960,961,962,963,964,965,966,967,968,969,970,971,972,973,974,975,976,977,978,979,980,981,982,983,984,985,986,987,988,989, links:60 A=10 B=0 C=0 D=0 R=3 S=0 Q=1 LEAFS 96:10 97:10 98:10 L1PORTS 96:0 96:1 96:2 96:3 96:4 96:5 96:6 96:7 96:8 96:9 97:0 97:1 97:2 97:3 97:4 97:5 97:6 97:7 97:8 97:9 98:0 98:1 98:2 98:3 98:4 98:5 98:6 98:7 98:8 98:9
ADD Job:33 hosts:800,801,802,803,804,805,806,807,808,809,810,811,812,813,814,815,816,817,818,819,820,821,822,823,824,825,826,827,828,829,830,831,832,833,834,835,836,837,838,839,840,841,842,843,844,845,846,847,848,849,850,851,852,853,854,855,856,857,858,859, links:120 A=10 B=0 C=0 D=0 R=6 S=0 Q=1 LEAFS 80:10 81:10 82:10 83:10 84:10 85:10 L1PORTS 80:0 80:1 80:2 80:3 80:4 80:5 80:6 80:7 80:8 80:9 81:0 81:1 81:2 81:3 81:4 81:5 81:6 81:7 81:8 81:9 82:0 82:1 82:2 82:3 82:4 82:5 82:6 82:7 82:8 82:9 83:0 83:1 83:2 83:3 83:4 83:5 83:6 83:7 83:8 83:9 84:0 84:1 84:2 84:3 84:4 84:5 84:6 84:7 84:8 84:9 85:0 85:1 85:2 85:3 85:4 85:5 85:6 85:7 85:8 85:9
REM Job:4 hosts:46 A=10 B=0 C=0 D=0 R=5 S=0 Q=1 LEAFS 10:10 11:10 12:10 13:10 14:10
ADD Job:34 hosts:530,531,532,533,534,535,536,537,538,539, links:10 A=10 B=0 C=0 D=0 R=1 S=0 Q=1 LEAFS 53:10
ADD Job:35 hosts:100,101,102,103,104,105,106,107,108,109,110,111,112,113,114,115,116,117,118,119,120,121,122,123,124,125,126,127,128,129,130,131,132,133,134,135,136,137,138,139,140,141,142,143,144,145,146,147,148,149, links:100 A=10 B=0 C=0 D=0 R=5 S=0 Q=1 LEAFS 10:10 11:10 12:10 13:10 14:10 L1PORTS 10:0 10:1 10:2 10:3 10:4 10:5 10:6 10:7 10:8 10:9 11:0 11:1 11:2 11:3 11:4 11:5 11:6 11:7 11:8 11:9 12:0 12:1 12:2 12:3 12:4 12:5 12:6 12:7 12:8 12:9 13:0 13:1 13:2 13:3 13:4 13:5 13:6 13:7 13:8 13:9 14:0 14:1 14:2 14:3 14:4 14:5 14:6 14:7 14:8 14:9
REM Job:31 hosts:51 A=10 B=0 C=0 D=0 R=6 S=0 Q=1 LEAFS 120:10 121:10 122:10 123:10 124:10 125:10
REM Job:1 hosts:23 A=10 B=0 C=0 D=0 R=3 S=0 Q=1 LEAFS 0:10 1:10 2:10
REM Job:23 hosts:57 A=10 B=0 C=0 D=0 R=6 S=0 Q=1 LEAFS 90:10 91:10 92:10 93:10 94:10 95:10
ADD Job:36 hosts:400,401,402,403,404,405,406,407,408,409,410,411,412,413,414,415,416,417,418,419,420,421,422,423,424,425,426,427,428,429,430,431,432,433,434,435,436,437,438,439,440,441,442,443,444,445,446,447,448,449, links:100 A=10 B=0 C=0 D=0 R=5 S=0 Q=1 LEAFS 40:10 41:10 42:10 43:10 44:10 L1PORTS 40:0 40:1 40:2 40:3 40:4 40:5 40:6 40:7 40:8 40:9 41:0 41:1 41:2 41:3 41:4 41:5 41:6 41:7 41:8 41:9 42:0 42:1 42:2 42:3 42:4 42:5 42:6 42:7 42:8 42:9 43:0 43:1 43:2 43:3 43:4 43:5 43:6 43:7 43:8 43:9 44:0 44:1 44:2 44:3 44:4 44:5 44:6 44:7 44:8 44:9
REM Job:6 hosts:57 A=10 B=0 C=0 D=0 R=6 S=0 Q=1 LEAFS 20:10 21:10 22:10 23:10 24:10 25:10
REM Job:16 hosts:5 A=10 B=0 C=0 D=0 R=1 S=0 Q=1 LEAFS 59:10
REM Job:5 hosts:47 A=10 B=0 C=0 D=0 R=5 S=0 Q=1 LEAFS 15:10 16:10 17:10 18:10 19:10
ADD Job:37 hosts:200,201,202,203,204,205,206,207,208,209,210,211,212,213,214,215,216,217,218,219,220,221,222,223,224,225,226,227,228,229,230,231,232,233,234,235,236,237,238,239,240,241,242,243,244,245,246,247,248,249,250,251,252,253,254,255,256,257,258,259, links:120 A=10 B=0 C=0 D=0 R=6 S=0 Q=1 LEAFS 20:10 21:10 22:10 23:10 24:10 25:10 L1PORTS 20:0 20:1 20:2 20:3 20:4 20:5 20:6 20:7 20:8 20:9 21:0 21:1 21:2 21:3 21:4 21:5 21:6 21:7 21:8 21:9 22:0 22:1 22:2 22:3 22:4 22:5 22:6 22:7 22:8 22:9 23:0 23:1 23:2 23:3 23:4 23:5 23:6 23:7 23:8 23:9 24:0 24:1 24:2 24:3 24:4 24:5 24:6 24:7 24:8 24:9 25:0 25:1 25:2 25:3 25:4 25:5 25:6 25:7 25:8 25:9
REM Job:25 hosts:47 A=10 B=0 C=0 D=0 R=5 S=0 Q=1 LEAFS 100:10 101:10 102:10 103:10 104:10
REM Job:24 hosts:21 A=10 B=0 C=0 D=0 R=3 S=0 Q=1 LEAFS 4:10 5:10 6:10
ADD Job:38 hosts:590,591,592,593,594,595,596,597,598,599, links:10 A=10 B=0 C=0 D=0 R=1 S=0 Q=1 LEAFS 59:10
REM Job:35 hosts:46 A=10 B=0 C=0 D=0 R=5 S=0 Q=1 LEAFS 10:10 11:10 12:10 13:10 14:10
REM Job:18 hosts:16 A=10 B=0 C=0 D=0 R=2 S=0 Q=1 LEAFS 38:10 39:10
ADD Job:39 hosts:1160,1161,1162,1163,1164,1165,1166,1167,1168,1169,1170,1171,1172,1173,1174,1175,1176,1177,1178,1179,1180,1181,1182,1183,1184,1185,1186,1187,1188,1189,1190,1191,1192,1193,1194,1195,1196,1197,1198,1199, links:80 A=10 B=0 C=0 D=0 R=4 S=0 Q=1 LEAFS 116:10 117:10 118:10 119:10 L1PORTS 116:0 116:1 116:2 116:3 116:4 116:5 116:6 116:7 116:8 116:9 117:0 117:1 117:2 117:3 117:4 117:5 117:6 117:7 117:8 117:9 118:0 118:1 118:2 118:3 118:4 118:5 118:6 118:7 118:8 118:9 119:0 119:1 119:2 119:3 119:4 119:5 119:6 119:7 119:8 119:9
REM Job:7 hosts:25 A=10 B=0 C=0 D=0 R=3 S=0 Q=1 LEAFS 7:10 8:10 9:10
ADD Job:40 hosts:380,381,382,383,384,385,386,387,388,389,390,391,392,393,394,395,396,397,398,399, links:40 A=10 B=0 C=0 D=0 R=2 S=0 Q=1 LEAFS 38:10 39:10 L1PORTS 38:0 38:1 38:2 38:3 38:4 38:5 38:6 38:7 38:8 38:9 39:0 39:1 39:2 39:3 39:4 39:5 39:6 39:7 39:8 39:9
REM Job:20 hosts:30 A=10 B=0 C=0 D=0 R=3 S=0 Q=1 LEAFS 76:10 77:10 78:10
REM Job:10 hosts:21 A=10 B=0 C=0 D=0 R=3 S=0 Q=1 LEAFS 35:10 36:10 37:10
REM Job:21 hosts:17 A=10 B=0 C=0 D=0 R=2 S=0 Q=1 LEAFS 68:10 69:10
ADD Job:41 hosts:680,681,682,683,684,685,686,687,688,689,690,691,692,693,694,695,696,697,698,699, links:40 A=10 B=0 C=0 D=0 R=2 S=0 Q=1 LEAFS 68:10 69:10 L1PORTS 68:0 68:1 68:2 68:3 68:4 68:5 68:6 68:7 68:8 68:9 69:0 69:1 69:2 69:3 69:4 69:5 69:6 69:7 69:8 69:9
REM Job:9 hosts:34 A=10 B=0 C=0 D=0 R=4 S=0 Q=1 LEAFS 26:10 27:10 28:10 29:10
ADD Job:42 hosts:1000,1001,1002,1003,1004,1005,1006,1007,1008,1009,1010,1011,1012,1013,1014,1015,1016,1017,1018,1019,1020,1021,1022,1023,1024,1025,1026,1027,1028,1029,1030,1031,1032,1033,1034,1035,1036,1037,1038,1039,1040,1041,1042,1043,1044,1045,1046,1047,1048,1049, links:100 A=10 B=0 C=0 D=0 R=5 S=0 Q=1 LEAFS 100:10 101:10 102:10 103:10 104:10 L1PORTS 100:0 100:1 100:2 100:3 100:4 100:5 100:6 100:7 100:8 100:9 101:0 101:1 101:2 101:3 101:4 101:5 101:6 101:7 101:8 101:9 102:0 102:1 102:2 102:3 102:4 102:5 102:6 102:7 102:8 102:9 103:0 103:1 103:2 103:3 103:4 103:5 103:6 103:7 103:8 103:9 104:0 104:1 104:2 104:3 104:4 104:5 104:6 104:7 104:8 104:9
REM Job:2 hosts:9 A=10 B=0 C=0 D=0 R=1 S=0 Q=1 LEAFS 3:10
REM Job:14 hosts:42 A=10 B=0 C=0 D=0 R=5 S=0 Q=1 LEAFS 54:10 55:10 56:10 57:10 58:10
REM Job:8 hosts:48 A=10 B=0 C=0 D=0 R=5 S=0 Q=1 LEAFS 30:10 31:10 32:10 33:10 34:10
REM Job:34 hosts:8 A=10 B=0 C=0 D=0 R=1 S=0 Q=1 LEAFS 53:10
REM Job:19 hosts:56 A=10 B=0 C=0 D=0 R=6 S=0 Q=1 LEAFS 70:10 71:10 72:10 73:10 74:10 75:10
REM Job:36 hosts:46 A=10 B=0 C=0 D=0 R=5 S=0 Q=1 LEAFS 40:10 41:10 42:10 43:10 44:10
REM Job:28 hosts:21 A=10 B=0 C=0 D=0 R=3 S=0 Q=1 LEAFS 50:10 51:10 52:10
ADD Job:43 hosts:260,261,262,263,264,265,266,267,268,269,270,271,272,273,274,275,276,277,278,279, links:40 A=10 B=0 C=0 D=0 R=2 S=0 Q=1 LEAFS 26:10 27:10 L1PORTS 26:0 26:1 26:2 26:3 26:4 26:5 26:6 26:7 26:8 26:9 27:0 27:1 27:2 27:3 27:4 27:5 27:6 27:7 27:8 27:9
REM Job:27 hosts:30 A=10 B=0 C=0 D=0 R=3 S=0 Q=1 LEAFS 86:10 87:10 88:10
REM Job:12 hosts:44 A=10 B=0 C=0 D=0 R=5 S=0 Q=1 LEAFS 45:10 46:10 47:10 48:10 49:10
REM Job:15 hosts:48 A=10 B=0 C=0 D=0 R=5 S=0 Q=1 LEAFS 60:10 61:10 62:10 63:10 64:10
REM Job:32 hosts:27 A=10 B=0 C=0 D=0 R=3 S=0 Q=1 LEAFS 96:10 97:10 98:10
ADD Job:44 hosts:280,281,282,283,284,285,286,287,288,289, links:10 A=10 B=0 C=0 D=0 R=1 S=0 Q=1 LEAFS 28:10
REM Job:38 hosts:5 A=10 B=0 C=0 D=0 R=1 S=0 Q=1 LEAFS 59:10
REM Job:29 hosts:44 A=10 B=0 C=0 D=0 R=5 S=0 Q=1 LEAFS 105:10 106:10 107:10 108:10 109:10
REM Job:33 hosts:53 A=10 B=0 C=0 D=0 R=6 S=0 Q=1 LEAFS 80:10 81:10 82:10 83:10 84:10 85:10
REM Job:17 hosts:28 A=10 B=0 C=0 D=0 R=3 S=0 Q=1 LEAFS 65:10 66:10 67:10
ADD Job:45 hosts:300,301,302,303,304,305,306,307,308,309,310,311,312,313,314,315,316,317,318,319,320,321,322,323,324,325,326,327,328,329,330,331,332,333,334,335,336,337,338,339,340,341,342,343,344,345,346,347,348,349,350,351,352,353,354,355,356,357,358,359, links:120 A=10 B=0 C=0 D=0 R=6 S=0 Q=1 LEAFS 30:10 31:10 32:10 33:10 34:10 35:10 L1PORTS 30:0 30:1 30:2 30:3 30:4 30:5 30:6 30:7 30:8 30:9 31:0 31:1 31:2 31:3 31:4 31:5 31:6 31:7 31:8 31:9 32:0 32:1 32:2 32:3 32:4 32:5 32:6 32:7 32:8 32:9 33:0 33:1 33:2 33:3 33:4 33:5 33:6 33:7 33:8 33:9 34:0 34:1 34:2 34:3 34:4 34:5 34:6 34:7 34:8 34:9 35:0 35:1 35:2 35:3 35:4 35:5 35:6 35:7 35:8 35:9
REM Job:30 hosts:51 A=10 B=0 C=0 D=0 R=6 S=0 Q=1 LEAFS 110:10 111:10 112:10 113:10 114:10 115:10
REM Job:40 hosts:12 A=10 B=0 C=0 D=0 R=2 S=0 Q=1 LEAFS 38:10 39:10
ADD Job:46 hosts:290,291,292,293,294,295,296,297,298,299, links:10 A=10 B=0 C=0 D=0 R=1 S=0 Q=1 LEAFS 29:10
ADD Job:47 hosts:360,361,362,363,364,365,366,367,368,369,370,371,372,373,374,375,376,377,378,379,380,381,382,383,384,385,386,387,388,389, links:60 A=10 B=0 C=0 D=0 R=3 S=0 Q=1 LEAFS 36:10 37:10 38:10 L1PORTS 36:0 36:1 36:2 36:3 36:4 36:5 36:6 36:7 36:8 36:9 37:0 37:1 37:2 37:3 37:4 37:5 37:6 37:7 37:8 37:9 38:0 38:1 38:2 38:3 38:4 38:5 38:6 38:7 38:8 38:9
REM Job:39 hosts:39 A=10 B=0 C=0 D=0 R=4 S=0 Q=1 LEAFS 116:10 117:10 118:10 119:10
ADD Job:48 hosts:1050,1051,1052,1053,1054,1055,1056,1057,1058,1059,1060,1061,1062,1063,1064,1065,1066,1067,1068,1069,1070,1071,1072,1073,1074,1075,1076,1077,1078,1079, links:60 A=10 B=0 C=0 D=0 R=3 S=0 Q=1 LEAFS 105:10 106:10 107:10 L1PORTS 105:0 105:1 105:2 105:3 105:4 105:5 105:6 105:7 105:8 105:9 106:0 106:1 106:2 106:3 106:4 106:5 106:6 106:7 106:8 106:9 107:0 107:1 107:2 107:3 107:4 107:5 107:6 107:7 107:8 107:9
REM Job:41 hosts:11 A=10 B=0 C=0 D=0 R=2 S=0 Q=1 LEAFS 68:10 69:10
REM Job:44 hosts:10 A=10 B=0 C=0 D=0 R=1 S=0 Q=1 LEAFS 28:10
ADD Job:49 hosts:0,1,2,3,4,5,6,7,8,9,10,11,12,13,14,15,16,17,18,19,20,21,22,23,24,25,26,27,28,29, links:60 A=10 B=0 C=0 D=0 R=3 S=0 Q=1 LEAFS 0:10 1:10 2:10 L1PORTS 0:0 0:1 0:2 0:3 0:4 0:5 0:6 0:7 0:8 0:9 1:0 1:1 1:2 1:3 1:4 1:5 1:6 1:7 1:8 1:9 2:0 2:1 2:2 2:3 2:4 2:5 2:6 2:7 2:8 2:9
